            --------------------------------------------------------
                             AMBER SQM VERSION 19
 
                                     By
              Ross C. Walker, Michael F. Crowley, Scott Brozell,
                         Tim Giese, Andreas W. Goetz,
                        Tai-Sung Lee and David A. Case
 
            --------------------------------------------------------
 

--------------------------------------------------------------------------------
  QM CALCULATION INFO
--------------------------------------------------------------------------------

| QMMM: Citation for AMBER QMMM Run:
| QMMM: R.C. Walker, M.F. Crowley and D.A. Case, J. COMP. CHEM. 29:1019, 2008

QMMM: SINGLET STATE CALCULATION
QMMM: RHF CALCULATION, NO. OF DOUBLY OCCUPIED LEVELS = 65

| QMMM: *** Selected Hamiltonian *** 
| QMMM: AM1         

| QMMM: *** Parameter sets in use ***
| QMMM: N : M.J.S.DEWAR et al. JACS, 107, 3902, (1985)
| QMMM: C : M.J.S.DEWAR et al. JACS, 107, 3902, (1985)
| QMMM: O : M.J.S.DEWAR et al. JACS, 107, 3902, (1985)
| QMMM: F : M.J.S.DEWAR et al. THEOCHEM, 180, 1, (1988)
| QMMM: H : M.J.S.DEWAR et al. JACS, 107, 3902, (1985)

| QMMM: *** SCF convergence criteria ***
| QMMM: Energy change                :  0.1D-09 kcal/mol
| QMMM: Error matrix |FP-PF|         :  0.1D+00 au
| QMMM: Density matrix change        :  0.5D-06
| QMMM: Maximum number of SCF cycles :     1000

| QMMM: *** Diagonalization Routine Information ***
| QMMM: Pseudo diagonalizations are allowed.
| QMMM: Auto diagonalization routine selection is in use.
| QMMM:
| QMMM: Timing diagonalization routines:
| QMMM:                              norbs =      110
| QMMM:    diag iterations used for timing =       10
| QMMM:
| QMMM:              Internal diag routine = 0.018687 seconds
| QMMM:                 Dspev diag routine = 0.018611 seconds
| QMMM:                Dspevd diag routine = 0.063087 seconds
| QMMM:                Dspevx diag routine = 0.106891 seconds
| QMMM:                 Dsyev diag routine = 0.014726 seconds
| QMMM:                Dsyevd diag routine = 0.006846 seconds
| QMMM:                Dsyevr diag routine = 0.011814 seconds
| QMMM:
| QMMM:                Pseudo diag routine = 0.050543 seconds
| QMMM: Pseudo diagonalization appears to be slower than regular
| QMMM: diagonalization. Setting pseudo_diag=0 for optimum performance.
| QMMM:
| QMMM: Using dsyevd routine (diag_routine=6).

  QMMM: QM Region Cartesian Coordinates (*=link atom) 
  QMMM: QM_NO.   MM_NO.  ATOM         X         Y         Z
  QMMM:     1        1      N       -2.4800   -1.9040    1.1230
  QMMM:     2        2      C       -1.5880   -0.7450    0.9270
  QMMM:     3        3      C       -2.4250    0.5390    0.6880
  QMMM:     4        4      C       -2.2130    0.9430   -0.7730
  QMMM:     5        5      C       -1.4090   -0.1620   -1.4480
  QMMM:     6        6      C       -0.7010   -0.9330   -0.3370
  QMMM:     7        7      O        0.5870   -0.3660   -0.1380
  QMMM:     8        8      C        1.5750   -1.1060   -0.8240
  QMMM:     9        9      C        2.8830   -0.3810   -0.7110
  QMMM:    10       10      C        3.2430    0.5830   -1.6680
  QMMM:    11       11      C        4.4430    1.2900   -1.5390
  QMMM:    12       12      C        5.2850    1.0490   -0.4490
  QMMM:    13       13      F        6.4460    1.7380   -0.3270
  QMMM:    14       14      C        4.9240    0.1040    0.5180
  QMMM:    15       15      F        5.7340   -0.1230    1.5810
  QMMM:    16       16      C        3.7240   -0.6040    0.3910
  QMMM:    17       17      C       -3.6100    0.5960   -0.2830
  QMMM:    18       18      F       -4.1500   -0.5760   -0.7790
  QMMM:    19       19      C       -4.5290    1.7640   -0.1330
  QMMM:    20       20      O       -5.0910    2.0480    1.1080
  QMMM:    21       21      O       -4.8220    2.4680   -1.1350
  QMMM:    22       22      C       -0.7400   -0.5550    2.1820
  QMMM:    23       23      O       -0.5540   -1.6030    3.0810
  QMMM:    24       24      O       -0.1530    0.5420    2.3940
  QMMM:    25       25      H       -2.8960   -2.2000    0.2130
  QMMM:    26       26      H       -1.9150   -2.7350    1.4130
  QMMM:    27       27      H       -2.3070    1.4090    1.3720
  QMMM:    28       28      H       -1.9040    2.0060   -0.8730
  QMMM:    29       29      H       -0.6800    0.2860   -2.1580
  QMMM:    30       30      H       -2.0710   -0.8390   -2.0290
  QMMM:    31       31      H       -0.6550   -2.0180   -0.6010
  QMMM:    32       32      H        1.3120   -1.2270   -1.9000
  QMMM:    33       33      H        1.6770   -2.1200   -0.3740
  QMMM:    34       34      H        2.5940    0.7880   -2.5100
  QMMM:    35       35      H        4.7170    2.0270   -2.2820
  QMMM:    36       36      H        3.4500   -1.3250    1.1520
  QMMM:    37       37      H       -5.7260    2.8290    1.2230
  QMMM:    38       38      H        0.0250   -1.4860    3.9040

--------------------------------------------------------------------------------
  RESULTS
--------------------------------------------------------------------------------

      iter         sqm energy              rms gradient
      ----    -------------------    -----------------------
xmin    10     -288.0158 kcal/mol        1.9152 kcal/(mol*A)
xmin    20     -289.2988 kcal/mol        0.4810 kcal/(mol*A)
xmin    30     -289.6639 kcal/mol        0.4567 kcal/(mol*A)
xmin    40     -289.7780 kcal/mol        0.3601 kcal/(mol*A)
xmin    50     -289.9422 kcal/mol        0.2132 kcal/(mol*A)
xmin    60     -290.1644 kcal/mol        0.9461 kcal/(mol*A)
xmin    70     -290.8329 kcal/mol        1.9200 kcal/(mol*A)
xmin    80     -291.3507 kcal/mol        0.7914 kcal/(mol*A)
xmin    90     -291.6007 kcal/mol        0.3675 kcal/(mol*A)
xmin   100     -291.6850 kcal/mol        0.2376 kcal/(mol*A)
xmin   110     -291.8692 kcal/mol        0.5031 kcal/(mol*A)
xmin   120     -292.1188 kcal/mol        0.2412 kcal/(mol*A)
xmin   130     -292.5463 kcal/mol        0.3072 kcal/(mol*A)
xmin   140     -292.8700 kcal/mol        0.3629 kcal/(mol*A)
xmin   150     -292.9615 kcal/mol        0.3066 kcal/(mol*A)
xmin   160     -293.0574 kcal/mol        0.3035 kcal/(mol*A)
xmin   170     -293.0819 kcal/mol        0.1106 kcal/(mol*A)
xmin   180     -293.1166 kcal/mol        0.1027 kcal/(mol*A)
xmin   190     -293.1600 kcal/mol        0.1879 kcal/(mol*A)
xmin   200     -293.1814 kcal/mol        0.1782 kcal/(mol*A)
xmin   210     -293.1938 kcal/mol        0.0693 kcal/(mol*A)
xmin   220     -293.2027 kcal/mol        0.0313 kcal/(mol*A)
xmin   230     -293.2039 kcal/mol        0.0639 kcal/(mol*A)
xmin   240     -293.2060 kcal/mol        0.0199 kcal/(mol*A)
xmin   250     -293.2064 kcal/mol        0.0186 kcal/(mol*A)
xmin   260     -293.2075 kcal/mol        0.0264 kcal/(mol*A)
xmin   270     -293.2080 kcal/mol        0.0147 kcal/(mol*A)
xmin   280     -293.2082 kcal/mol        0.0042 kcal/(mol*A)
xmin   290     -293.2083 kcal/mol        0.0097 kcal/(mol*A)
xmin   300     -293.2084 kcal/mol        0.0096 kcal/(mol*A)
xmin   310     -293.2084 kcal/mol        0.0026 kcal/(mol*A)
xmin   320     -293.2084 kcal/mol        0.0022 kcal/(mol*A)
  ... geometry converged !
 
 Final MO eigenvalues (eV):
 -50.2817  -50.0447  -49.4551  -42.3790  -41.0635  -40.2899  -39.7998  -38.4340
 -36.9975  -36.7230  -35.5561  -32.9953  -31.6774  -31.5283  -28.9142  -27.3757
 -26.3729  -24.8181  -24.1698  -22.9848  -22.6112  -21.8362  -20.9719  -19.5194
 -19.1851  -18.9952  -18.9319  -18.4952  -18.3084  -17.9529  -17.7326  -17.4657
 -17.1420  -17.0294  -16.9763  -16.6519  -16.4251  -16.0167  -15.9325  -15.8829
 -15.8458  -15.6279  -15.4528  -15.0774  -14.7849  -14.6655  -14.4162  -14.1278
 -14.1150  -13.8473  -13.5605  -13.2210  -12.9108  -12.8654  -12.8148  -12.5148
 -12.4594  -12.2934  -11.8420  -11.5686  -11.4377  -11.4158  -10.4894  -10.1767
  -9.6369   -0.4026   -0.2064    0.2987    0.8728    1.2935    1.6760    1.7302
   1.9161    2.0529    2.2713    2.3471    2.4792    2.5930    2.8513    3.1205
   3.1541    3.1810    3.2637    3.2796    3.3678    3.3938    3.5031    3.6169
   3.6844    3.7398    3.7743    3.8831    3.9473    4.0892    4.1855    4.2587
   4.2936    4.4131    4.5860    4.6303    4.7131    4.7579    4.9585    5.0955
   5.2925    5.4533    5.5557    5.7367    6.1802    6.5100

 Heat of formation   =       -293.20840943 kcal/mol  (      -12.71447073 eV)

 Total SCF energy    =    -124006.71835221 kcal/mol  (    -5377.33482296 eV)
 Electronic energy   =    -777858.35482068 kcal/mol  (   -33730.46939945 eV)
 Core-core repulsion =     653851.63646847 kcal/mol  (    28353.13457649 eV)
 
    Atomic Charges for Step       1 :
  Atom    Element       Mulliken Charge
     1      N                 -0.335
     2      C                  0.076
     3      C                 -0.128
     4      C                 -0.131
     5      C                 -0.174
     6      C                 -0.009
     7      O                 -0.267
     8      C                  0.021
     9      C                 -0.074
    10      C                 -0.117
    11      C                 -0.143
    12      C                  0.062
    13      F                 -0.090
    14      C                  0.056
    15      F                 -0.091
    16      C                 -0.119
    17      C                  0.043
    18      F                 -0.112
    19      C                  0.319
    20      O                 -0.310
    21      O                 -0.324
    22      C                  0.338
    23      O                 -0.304
    24      O                 -0.350
    25      H                  0.173
    26      H                  0.177
    27      H                  0.183
    28      H                  0.163
    29      H                  0.123
    30      H                  0.106
    31      H                  0.095
    32      H                  0.083
    33      H                  0.084
    34      H                  0.141
    35      H                  0.155
    36      H                  0.178
    37      H                  0.254
    38      H                  0.248
 Total Mulliken Charge =       0.000
 
                  X        Y        Z     TOTAL  
  QM DIPOLE     0.122    0.519   -3.754    3.792
 
 Final Structure

  QMMM: QM Region Cartesian Coordinates (*=link atom) 
  QMMM: QM_NO.   MM_NO.  ATOM         X         Y         Z
  QMMM:     1        1      N       -1.8488   -1.8376    1.3483
  QMMM:     2        2      C       -1.4866   -0.4779    1.0027
  QMMM:     3        3      C       -2.7242    0.4215    0.8797
  QMMM:     4        4      C       -2.6471    1.2238   -0.3964
  QMMM:     5        5      C       -1.3864    0.8762   -1.1325
  QMMM:     6        6      C       -0.7638   -0.3246   -0.4010
  QMMM:     7        7      O        0.6199   -0.1357   -0.1488
  QMMM:     8        8      C        1.4292   -0.3089   -1.3157
  QMMM:     9        9      C        2.8634   -0.2382   -0.9056
  QMMM:    10       10      C        3.8258    0.0894   -1.8682
  QMMM:    11       11      C        5.1735    0.1342   -1.5328
  QMMM:    12       12      C        5.5809   -0.1447   -0.2168
  QMMM:    13       13      F        6.8902   -0.1015    0.1165
  QMMM:    14       14      C        4.6055   -0.4716    0.7626
  QMMM:    15       15      F        4.9844   -0.7383    2.0332
  QMMM:    16       16      C        3.2480   -0.5173    0.4054
  QMMM:    17       17      C       -3.7099    0.1331   -0.2495
  QMMM:    18       18      F       -3.6193   -1.0217   -0.9781
  QMMM:    19       19      C       -5.1282    0.5696   -0.0489
  QMMM:    20       20      O       -5.2600    1.7369    0.6417
  QMMM:    21       21      O       -6.1591    0.0144   -0.4284
  QMMM:    22       22      C       -0.5925    0.1196    2.0922
  QMMM:    23       23      O        0.4651   -0.6575    2.4509
  QMMM:    24       24      O       -0.7214    1.1997    2.6701
  QMMM:    25       25      H       -2.4320   -2.2405    0.6417
  QMMM:    26       26      H       -1.0305   -2.3948    1.4968
  QMMM:    27       27      H       -3.1016    0.8420    1.8285
  QMMM:    28       28      H       -2.9828    2.2736   -0.4484
  QMMM:    29       29      H       -0.6815    1.7471   -1.1127
  QMMM:    30       30      H       -1.6006    0.6163   -2.1990
  QMMM:    31       31      H       -0.9221   -1.2595   -1.0079
  QMMM:    32       32      H        1.1817    0.5002   -2.0555
  QMMM:    33       33      H        1.2145   -1.3117   -1.7792
  QMMM:    34       34      H        3.5161    0.3146   -2.9002
  QMMM:    35       35      H        5.9335    0.3891   -2.2865
  QMMM:    36       36      H        2.4876   -0.7657    1.1669
  QMMM:    37       37      H       -6.2050    1.9454    0.7408
  QMMM:    38       38      H        0.9840   -0.1978    3.1330

           --------- Calculation Completed ----------

