            --------------------------------------------------------
                             AMBER SQM VERSION 19
 
                                     By
              Ross C. Walker, Michael F. Crowley, Scott Brozell,
                         Tim Giese, Andreas W. Goetz,
                        Tai-Sung Lee and David A. Case
 
            --------------------------------------------------------
 

--------------------------------------------------------------------------------
  QM CALCULATION INFO
--------------------------------------------------------------------------------

| QMMM: Citation for AMBER QMMM Run:
| QMMM: R.C. Walker, M.F. Crowley and D.A. Case, J. COMP. CHEM. 29:1019, 2008

QMMM: SINGLET STATE CALCULATION
QMMM: RHF CALCULATION, NO. OF DOUBLY OCCUPIED LEVELS = 65

| QMMM: *** Selected Hamiltonian *** 
| QMMM: AM1         

| QMMM: *** Parameter sets in use ***
| QMMM: N : M.J.S.DEWAR et al. JACS, 107, 3902, (1985)
| QMMM: C : M.J.S.DEWAR et al. JACS, 107, 3902, (1985)
| QMMM: O : M.J.S.DEWAR et al. JACS, 107, 3902, (1985)
| QMMM: F : M.J.S.DEWAR et al. THEOCHEM, 180, 1, (1988)
| QMMM: H : M.J.S.DEWAR et al. JACS, 107, 3902, (1985)

| QMMM: *** SCF convergence criteria ***
| QMMM: Energy change                :  0.1D-09 kcal/mol
| QMMM: Error matrix |FP-PF|         :  0.1D+00 au
| QMMM: Density matrix change        :  0.5D-06
| QMMM: Maximum number of SCF cycles :     1000

| QMMM: *** Diagonalization Routine Information ***
| QMMM: Pseudo diagonalizations are allowed.
| QMMM: Auto diagonalization routine selection is in use.
| QMMM:
| QMMM: Timing diagonalization routines:
| QMMM:                              norbs =      110
| QMMM:    diag iterations used for timing =       10
| QMMM:
| QMMM:              Internal diag routine = 0.019142 seconds
| QMMM:                 Dspev diag routine = 0.055681 seconds
| QMMM:                Dspevd diag routine = 0.009313 seconds
| QMMM:                Dspevx diag routine = 0.105315 seconds
| QMMM:                 Dsyev diag routine = 0.012145 seconds
| QMMM:                Dsyevd diag routine = 0.010216 seconds
| QMMM:                Dsyevr diag routine = 0.014601 seconds
| QMMM:
| QMMM:                Pseudo diag routine = 0.050754 seconds
| QMMM: Pseudo diagonalization appears to be slower than regular
| QMMM: diagonalization. Setting pseudo_diag=0 for optimum performance.
| QMMM:
| QMMM: Using dspevd routine (diag_routine=3).

  QMMM: QM Region Cartesian Coordinates (*=link atom) 
  QMMM: QM_NO.   MM_NO.  ATOM         X         Y         Z
  QMMM:     1        1      N       -2.4800   -1.9040    1.1230
  QMMM:     2        2      C       -1.5880   -0.7450    0.9270
  QMMM:     3        3      C       -2.4250    0.5390    0.6880
  QMMM:     4        4      C       -2.2130    0.9430   -0.7730
  QMMM:     5        5      C       -1.4090   -0.1620   -1.4480
  QMMM:     6        6      C       -0.7010   -0.9330   -0.3370
  QMMM:     7        7      O        0.5870   -0.3660   -0.1380
  QMMM:     8        8      C        1.5750   -1.1060   -0.8240
  QMMM:     9        9      C        2.8830   -0.3810   -0.7110
  QMMM:    10       10      C        3.2430    0.5830   -1.6680
  QMMM:    11       11      C        4.4430    1.2900   -1.5390
  QMMM:    12       12      C        5.2850    1.0490   -0.4490
  QMMM:    13       13      F        6.4460    1.7380   -0.3270
  QMMM:    14       14      C        4.9240    0.1040    0.5180
  QMMM:    15       15      F        5.7340   -0.1230    1.5810
  QMMM:    16       16      C        3.7240   -0.6040    0.3910
  QMMM:    17       17      C       -3.6100    0.5960   -0.2830
  QMMM:    18       18      F       -4.1500   -0.5760   -0.7790
  QMMM:    19       19      C       -4.5290    1.7640   -0.1330
  QMMM:    20       20      O       -5.0910    2.0480    1.1080
  QMMM:    21       21      O       -4.8220    2.4680   -1.1350
  QMMM:    22       22      C       -0.7400   -0.5550    2.1820
  QMMM:    23       23      O       -0.5540   -1.6030    3.0810
  QMMM:    24       24      O       -0.1530    0.5420    2.3940
  QMMM:    25       25      H       -2.8960   -2.2000    0.2130
  QMMM:    26       26      H       -1.9150   -2.7350    1.4130
  QMMM:    27       27      H       -2.3070    1.4090    1.3720
  QMMM:    28       28      H       -1.9040    2.0060   -0.8730
  QMMM:    29       29      H       -0.6800    0.2860   -2.1580
  QMMM:    30       30      H       -2.0710   -0.8390   -2.0290
  QMMM:    31       31      H       -0.6550   -2.0180   -0.6010
  QMMM:    32       32      H        1.3120   -1.2270   -1.9000
  QMMM:    33       33      H        1.6770   -2.1200   -0.3740
  QMMM:    34       34      H        2.5940    0.7880   -2.5100
  QMMM:    35       35      H        4.7170    2.0270   -2.2820
  QMMM:    36       36      H        3.4500   -1.3250    1.1520
  QMMM:    37       37      H       -5.7260    2.8290    1.2230
  QMMM:    38       38      H        0.0250   -1.4860    3.9040

--------------------------------------------------------------------------------
  RESULTS
--------------------------------------------------------------------------------

      iter         sqm energy              rms gradient
      ----    -------------------    -----------------------
xmin    10     -287.9065 kcal/mol        5.4457 kcal/(mol*A)
xmin    20     -289.3073 kcal/mol        0.8825 kcal/(mol*A)
xmin    30     -289.6378 kcal/mol        0.2468 kcal/(mol*A)
xmin    40     -289.8955 kcal/mol        0.3303 kcal/(mol*A)
xmin    50     -290.3002 kcal/mol        0.8549 kcal/(mol*A)
xmin    60     -290.6952 kcal/mol        0.7105 kcal/(mol*A)
xmin    70     -291.2066 kcal/mol        0.7318 kcal/(mol*A)
xmin    80     -291.5671 kcal/mol        0.2697 kcal/(mol*A)
xmin    90     -291.7879 kcal/mol        0.5823 kcal/(mol*A)
xmin   100     -291.9437 kcal/mol        0.3601 kcal/(mol*A)
xmin   110     -292.2242 kcal/mol        0.3425 kcal/(mol*A)
xmin   120     -292.4169 kcal/mol        0.8890 kcal/(mol*A)
xmin   130     -292.6978 kcal/mol        0.3104 kcal/(mol*A)
xmin   140     -292.9263 kcal/mol        0.2142 kcal/(mol*A)
xmin   150     -293.0151 kcal/mol        0.1020 kcal/(mol*A)
xmin   160     -293.1218 kcal/mol        0.1112 kcal/(mol*A)
xmin   170     -293.1372 kcal/mol        0.3330 kcal/(mol*A)
xmin   180     -293.1764 kcal/mol        0.1177 kcal/(mol*A)
xmin   190     -293.1989 kcal/mol        0.0738 kcal/(mol*A)
xmin   200     -293.2032 kcal/mol        0.0434 kcal/(mol*A)
xmin   210     -293.2046 kcal/mol        0.0188 kcal/(mol*A)
xmin   220     -293.2053 kcal/mol        0.0235 kcal/(mol*A)
xmin   230     -293.2057 kcal/mol        0.0129 kcal/(mol*A)
xmin   240     -293.2060 kcal/mol        0.0556 kcal/(mol*A)
xmin   250     -293.2064 kcal/mol        0.0076 kcal/(mol*A)
xmin   260     -293.2070 kcal/mol        0.0089 kcal/(mol*A)
xmin   270     -293.2076 kcal/mol        0.0111 kcal/(mol*A)
xmin   280     -293.2080 kcal/mol        0.0289 kcal/(mol*A)
xmin   290     -293.2080 kcal/mol        0.0216 kcal/(mol*A)
xmin   300     -293.2082 kcal/mol        0.0088 kcal/(mol*A)
xmin   310     -293.2083 kcal/mol        0.0038 kcal/(mol*A)
xmin   320     -293.2084 kcal/mol        0.0063 kcal/(mol*A)
xmin   330     -293.2084 kcal/mol        0.0010 kcal/(mol*A)
xmin   340     -293.2084 kcal/mol        0.0006 kcal/(mol*A)
xmin   350     -293.2084 kcal/mol        0.0017 kcal/(mol*A)
  ... geometry converged !
 
 Final MO eigenvalues (eV):
 -50.2817  -50.0447  -49.4551  -42.3790  -41.0635  -40.2899  -39.7998  -38.4340
 -36.9975  -36.7231  -35.5561  -32.9953  -31.6774  -31.5283  -28.9142  -27.3757
 -26.3729  -24.8182  -24.1697  -22.9848  -22.6112  -21.8362  -20.9719  -19.5194
 -19.1851  -18.9952  -18.9320  -18.4952  -18.3084  -17.9530  -17.7327  -17.4657
 -17.1420  -17.0294  -16.9763  -16.6518  -16.4251  -16.0167  -15.9325  -15.8829
 -15.8458  -15.6279  -15.4528  -15.0774  -14.7850  -14.6657  -14.4163  -14.1277
 -14.1150  -13.8473  -13.5606  -13.2211  -12.9108  -12.8654  -12.8147  -12.5148
 -12.4595  -12.2933  -11.8421  -11.5686  -11.4377  -11.4159  -10.4894  -10.1767
  -9.6368   -0.4025   -0.2064    0.2987    0.8727    1.2934    1.6760    1.7301
   1.9161    2.0529    2.2713    2.3472    2.4792    2.5930    2.8512    3.1205
   3.1541    3.1810    3.2637    3.2796    3.3678    3.3937    3.5030    3.6170
   3.6844    3.7398    3.7743    3.8831    3.9473    4.0892    4.1855    4.2587
   4.2936    4.4131    4.5861    4.6303    4.7131    4.7579    4.9585    5.0954
   5.2925    5.4533    5.5558    5.7368    6.1802    6.5099

 Heat of formation   =       -293.20840876 kcal/mol  (      -12.71447070 eV)

 Total SCF energy    =    -124006.71835154 kcal/mol  (    -5377.33482293 eV)
 Electronic energy   =    -777857.52473039 kcal/mol  (   -33730.43340403 eV)
 Core-core repulsion =     653850.80637885 kcal/mol  (    28353.09858110 eV)
 
    Atomic Charges for Step       1 :
  Atom    Element       Mulliken Charge
     1      N                 -0.335
     2      C                  0.076
     3      C                 -0.128
     4      C                 -0.131
     5      C                 -0.174
     6      C                 -0.009
     7      O                 -0.267
     8      C                  0.021
     9      C                 -0.074
    10      C                 -0.117
    11      C                 -0.143
    12      C                  0.062
    13      F                 -0.090
    14      C                  0.056
    15      F                 -0.091
    16      C                 -0.119
    17      C                  0.043
    18      F                 -0.112
    19      C                  0.319
    20      O                 -0.310
    21      O                 -0.324
    22      C                  0.338
    23      O                 -0.304
    24      O                 -0.350
    25      H                  0.173
    26      H                  0.177
    27      H                  0.183
    28      H                  0.163
    29      H                  0.123
    30      H                  0.106
    31      H                  0.095
    32      H                  0.083
    33      H                  0.084
    34      H                  0.141
    35      H                  0.155
    36      H                  0.178
    37      H                  0.254
    38      H                  0.248
 Total Mulliken Charge =      -0.000
 
                  X        Y        Z     TOTAL  
  QM DIPOLE     0.107    0.507   -3.756    3.791
 
 Final Structure

  QMMM: QM Region Cartesian Coordinates (*=link atom) 
  QMMM: QM_NO.   MM_NO.  ATOM         X         Y         Z
  QMMM:     1        1      N       -1.8463   -1.8286    1.3627
  QMMM:     2        2      C       -1.4832   -0.4708    1.0107
  QMMM:     3        3      C       -2.7197    0.4304    0.8896
  QMMM:     4        4      C       -2.6466    1.2280   -0.3896
  QMMM:     5        5      C       -1.3895    0.8756   -1.1297
  QMMM:     6        6      C       -0.7660   -0.3239   -0.3966
  QMMM:     7        7      O        0.6190   -0.1368   -0.1509
  QMMM:     8        8      C        1.4231   -0.3157   -1.3206
  QMMM:     9        9      C        2.8591   -0.2472   -0.9168
  QMMM:    10       10      C        3.8183    0.0744   -1.8845
  QMMM:    11       11      C        5.1675    0.1168   -1.5550
  QMMM:    12       12      C        5.5798   -0.1585   -0.2397
  QMMM:    13       13      F        6.8905   -0.1177    0.0879
  QMMM:    14       14      C        4.6076   -0.4794    0.7449
  QMMM:    15       15      F        4.9912   -0.7426    2.0148
  QMMM:    16       16      C        3.2485   -0.5228    0.3936
  QMMM:    17       17      C       -3.7106    0.1397   -0.2345
  QMMM:    18       18      F       -3.6250   -1.0178   -0.9594
  QMMM:    19       19      C       -5.1274    0.5793   -0.0295
  QMMM:    20       20      O       -5.2543    1.7493    0.6574
  QMMM:    21       21      O       -6.1607    0.0246   -0.4028
  QMMM:    22       22      C       -0.5835    0.1291    2.0942
  QMMM:    23       23      O        0.4741   -0.6487    2.4515
  QMMM:    24       24      O       -0.7080    1.2115    2.6686
  QMMM:    25       25      H       -2.4331   -2.2331    0.6599
  QMMM:    26       26      H       -1.0285   -2.3867    1.5099
  QMMM:    27       27      H       -3.0926    0.8549    1.8384
  QMMM:    28       28      H       -2.9806    2.2782   -0.4439
  QMMM:    29       29      H       -0.6829    1.7453   -1.1157
  QMMM:    30       30      H       -1.6085    0.6125   -2.1944
  QMMM:    31       31      H       -0.9288   -1.2606   -0.9995
  QMMM:    32       32      H        1.1745    0.4918   -2.0619
  QMMM:    33       33      H        1.2039   -1.3194   -1.7801
  QMMM:    34       34      H        3.5048    0.2968   -2.9160
  QMMM:    35       35      H        5.9250    0.3670   -2.3127
  QMMM:    36       36      H        2.4907   -0.7665    1.1592
  QMMM:    37       37      H       -6.1985    1.9598    0.7597
  QMMM:    38       38      H        0.9967   -0.1874    3.1297

           --------- Calculation Completed ----------

