            --------------------------------------------------------
                             AMBER SQM VERSION 19
 
                                     By
              Ross C. Walker, Michael F. Crowley, Scott Brozell,
                         Tim Giese, Andreas W. Goetz,
                        Tai-Sung Lee and David A. Case
 
            --------------------------------------------------------
 

--------------------------------------------------------------------------------
  QM CALCULATION INFO
--------------------------------------------------------------------------------

| QMMM: Citation for AMBER QMMM Run:
| QMMM: R.C. Walker, M.F. Crowley and D.A. Case, J. COMP. CHEM. 29:1019, 2008

QMMM: SINGLET STATE CALCULATION
QMMM: RHF CALCULATION, NO. OF DOUBLY OCCUPIED LEVELS = 65

| QMMM: *** Selected Hamiltonian *** 
| QMMM: AM1         

| QMMM: *** Parameter sets in use ***
| QMMM: N : M.J.S.DEWAR et al. JACS, 107, 3902, (1985)
| QMMM: C : M.J.S.DEWAR et al. JACS, 107, 3902, (1985)
| QMMM: O : M.J.S.DEWAR et al. JACS, 107, 3902, (1985)
| QMMM: Cl: M.J.S.DEWAR et al. THEOCHEM, 180, 1, (1988)
| QMMM: F : M.J.S.DEWAR et al. THEOCHEM, 180, 1, (1988)
| QMMM: H : M.J.S.DEWAR et al. JACS, 107, 3902, (1985)

| QMMM: *** SCF convergence criteria ***
| QMMM: Energy change                :  0.1D-09 kcal/mol
| QMMM: Error matrix |FP-PF|         :  0.1D+00 au
| QMMM: Density matrix change        :  0.5D-06
| QMMM: Maximum number of SCF cycles :     1000

| QMMM: *** Diagonalization Routine Information ***
| QMMM: Pseudo diagonalizations are allowed.
| QMMM: Auto diagonalization routine selection is in use.
| QMMM:
| QMMM: Timing diagonalization routines:
| QMMM:                              norbs =      110
| QMMM:    diag iterations used for timing =       10
| QMMM:
| QMMM:              Internal diag routine = 0.039841 seconds
| QMMM:                 Dspev diag routine = 0.053056 seconds
| QMMM:                Dspevd diag routine = 0.692905 seconds
| QMMM:                Dspevx diag routine = 0.108414 seconds
| QMMM:                 Dsyev diag routine = 0.017846 seconds
| QMMM:                Dsyevd diag routine = 1.380941 seconds
| QMMM:                Dsyevr diag routine = 0.011977 seconds
| QMMM:
| QMMM:                Pseudo diag routine = 0.007429 seconds
| QMMM:
| QMMM: Using dsyevr routine (diag_routine=7).

  QMMM: QM Region Cartesian Coordinates (*=link atom) 
  QMMM: QM_NO.   MM_NO.  ATOM         X         Y         Z
  QMMM:     1        1      N       -0.5740    2.5280    0.4200
  QMMM:     2        2      C       -1.0970    1.4880   -0.4780
  QMMM:     3        3      C       -2.5300    1.0930   -0.0680
  QMMM:     4        4      C       -2.6170   -0.4260   -0.1410
  QMMM:     5        5      C       -1.2340   -0.9600   -0.5040
  QMMM:     6        6      C       -0.2390    0.1980   -0.3940
  QMMM:     7        7      O        0.7210    0.1000   -1.4370
  QMMM:     8        8      C        1.9470    0.7010   -1.0650
  QMMM:     9        9      C        2.8040   -0.2770   -0.3050
  QMMM:    10       10      C        3.0920   -0.0690    1.0520
  QMMM:    11       11      C        3.8690   -0.9930    1.7560
  QMMM:    12       12      C        4.3630   -2.1340    1.1140
  QMMM:    13       13      Cl       5.3360   -3.2740    2.0340
  QMMM:    14       14      C        4.0740   -2.3510   -0.2440
  QMMM:    15       15      Cl       4.6710   -3.7740   -1.0870
  QMMM:    16       16      C        3.2960   -1.4240   -0.9470
  QMMM:    17       17      C       -2.7700    0.2720    1.2040
  QMMM:    18       18      F       -1.7240    0.1160    2.0960
  QMMM:    19       19      C       -4.1580    0.3010    1.7540
  QMMM:    20       20      O       -4.8670   -0.8850    1.9100
  QMMM:    21       21      O       -4.6710    1.3950    2.1100
  QMMM:    22       22      C       -1.1330    2.0160   -1.9010
  QMMM:    23       23      O       -1.8760    1.3490   -2.8730
  QMMM:    24       24      O       -0.4500    3.0240   -2.2270
  QMMM:    25       25      H       -0.5470    2.1760    1.4040
  QMMM:    26       26      H       -1.2290    3.3450    0.4150
  QMMM:    27       27      H       -3.4080    1.6080   -0.5170
  QMMM:    28       28      H       -3.5250   -0.7970   -0.6650
  QMMM:    29       29      H       -1.2700   -1.3410   -1.5480
  QMMM:    30       30      H       -0.9520   -1.7980    0.1700
  QMMM:    31       31      H        0.2360    0.1130    0.6120
  QMMM:    32       32      H        1.8030    1.6500   -0.4990
  QMMM:    33       33      H        2.4850    0.9860   -1.9930
  QMMM:    34       34      H        2.7130    0.8050    1.5670
  QMMM:    35       35      H        4.0850   -0.8210    2.8030
  QMMM:    36       36      H        3.0710   -1.5970   -1.9920
  QMMM:    37       37      H       -5.8050   -0.8830    2.2940
  QMMM:    38       38      H       -1.8900    1.6760   -3.8320

--------------------------------------------------------------------------------
  RESULTS
--------------------------------------------------------------------------------

      iter         sqm energy              rms gradient
      ----    -------------------    -----------------------
xmin    10     -215.7965 kcal/mol        0.7719 kcal/(mol*A)
xmin    20     -216.3061 kcal/mol        0.2948 kcal/(mol*A)
xmin    30     -216.4941 kcal/mol        1.0829 kcal/(mol*A)
xmin    40     -216.9204 kcal/mol        0.5121 kcal/(mol*A)
xmin    50     -217.5637 kcal/mol        0.6404 kcal/(mol*A)
xmin    60     -218.4587 kcal/mol        0.8854 kcal/(mol*A)
xmin    70     -218.7644 kcal/mol        0.2343 kcal/(mol*A)
xmin    80     -218.9036 kcal/mol        0.1116 kcal/(mol*A)
xmin    90     -218.9244 kcal/mol        0.1114 kcal/(mol*A)
xmin   100     -218.9406 kcal/mol        0.0716 kcal/(mol*A)
xmin   110     -218.9434 kcal/mol        0.0167 kcal/(mol*A)
xmin   120     -218.9450 kcal/mol        0.0425 kcal/(mol*A)
xmin   130     -218.9460 kcal/mol        0.0516 kcal/(mol*A)
xmin   140     -218.9346 kcal/mol        0.4053 kcal/(mol*A)
xmin   150     -218.9486 kcal/mol        0.0316 kcal/(mol*A)
xmin   160     -218.9498 kcal/mol        0.0244 kcal/(mol*A)
xmin   170     -218.9508 kcal/mol        0.0679 kcal/(mol*A)
xmin   180     -218.9651 kcal/mol        0.0854 kcal/(mol*A)
xmin   190     -218.9886 kcal/mol        0.2446 kcal/(mol*A)
xmin   200     -219.0085 kcal/mol        0.2183 kcal/(mol*A)
xmin   210     -219.0211 kcal/mol        0.1188 kcal/(mol*A)
xmin   220     -219.0317 kcal/mol        0.0552 kcal/(mol*A)
xmin   230     -219.0461 kcal/mol        0.0375 kcal/(mol*A)
xmin   240     -219.0595 kcal/mol        0.1655 kcal/(mol*A)
xmin   250     -219.0658 kcal/mol        0.0580 kcal/(mol*A)
xmin   260     -219.0691 kcal/mol        0.0336 kcal/(mol*A)
xmin   270     -219.0707 kcal/mol        0.0247 kcal/(mol*A)
xmin   280     -219.0733 kcal/mol        0.0306 kcal/(mol*A)
xmin   290     -219.0737 kcal/mol        0.0151 kcal/(mol*A)
xmin   300     -218.6981 kcal/mol        2.8786 kcal/(mol*A)
xmin   310     -219.0618 kcal/mol        0.0861 kcal/(mol*A)
xmin   320     -218.8497 kcal/mol        0.5662 kcal/(mol*A)
xmin   330     -219.0636 kcal/mol        0.1406 kcal/(mol*A)
xmin   340     -219.0686 kcal/mol        0.0468 kcal/(mol*A)
xmin   350     -219.0697 kcal/mol        0.0277 kcal/(mol*A)
xmin   360     -219.0717 kcal/mol        0.0375 kcal/(mol*A)
xmin   370     -219.0748 kcal/mol        0.0408 kcal/(mol*A)
xmin   380     -219.0769 kcal/mol        0.0185 kcal/(mol*A)
xmin   390     -219.0773 kcal/mol        0.0268 kcal/(mol*A)
xmin   400     -219.0775 kcal/mol        0.0287 kcal/(mol*A)
xmin   410     -219.0780 kcal/mol        0.0083 kcal/(mol*A)
xmin   420     -219.0782 kcal/mol        0.0057 kcal/(mol*A)
xmin   430     -219.0790 kcal/mol        0.0160 kcal/(mol*A)
xmin   440     -219.0793 kcal/mol        0.0097 kcal/(mol*A)
xmin   450     -219.0794 kcal/mol        0.0133 kcal/(mol*A)
xmin   460     -219.0795 kcal/mol        0.0062 kcal/(mol*A)
xmin   470     -219.0796 kcal/mol        0.0062 kcal/(mol*A)
xmin   480     -219.0801 kcal/mol        0.0028 kcal/(mol*A)
xmin   490     -219.0802 kcal/mol        0.0055 kcal/(mol*A)
xmin   500     -219.0804 kcal/mol        0.0078 kcal/(mol*A)
xmin   510     -219.0809 kcal/mol        0.0079 kcal/(mol*A)
xmin   520     -219.0815 kcal/mol        0.0148 kcal/(mol*A)
xmin   530     -219.0817 kcal/mol        0.0098 kcal/(mol*A)
xmin   540     -219.0818 kcal/mol        0.0154 kcal/(mol*A)
xmin   550     -219.0769 kcal/mol        0.0505 kcal/(mol*A)
xmin   560     -219.0814 kcal/mol        0.0749 kcal/(mol*A)
xmin   570     -219.0836 kcal/mol        0.0191 kcal/(mol*A)
xmin   580     -219.0838 kcal/mol        0.0082 kcal/(mol*A)
xmin   590     -219.0840 kcal/mol        0.0058 kcal/(mol*A)
xmin   600     -219.0841 kcal/mol        0.0270 kcal/(mol*A)
xmin   610     -219.0843 kcal/mol        0.0123 kcal/(mol*A)
xmin   620     -219.0846 kcal/mol        0.0076 kcal/(mol*A)
xmin   630     -219.0847 kcal/mol        0.0032 kcal/(mol*A)
xmin   640     -219.0849 kcal/mol        0.0329 kcal/(mol*A)
xmin   650     -219.0850 kcal/mol        0.0236 kcal/(mol*A)
xmin   660     -219.0851 kcal/mol        0.0087 kcal/(mol*A)
xmin   670     -219.0851 kcal/mol        0.0039 kcal/(mol*A)
xmin   680     -219.0851 kcal/mol        0.0010 kcal/(mol*A)
xmin   690     -219.0851 kcal/mol        0.0029 kcal/(mol*A)
xmin   700     -219.0852 kcal/mol        0.0014 kcal/(mol*A)
xmin   710     -219.0852 kcal/mol        0.0018 kcal/(mol*A)
xmin   720     -219.0852 kcal/mol        0.0006 kcal/(mol*A)
xmin   730     -219.0852 kcal/mol        0.0013 kcal/(mol*A)
xmin   740     -219.0852 kcal/mol        0.0021 kcal/(mol*A)
xmin   750     -219.0852 kcal/mol        0.0011 kcal/(mol*A)
  ... geometry converged !
 
 Final MO eigenvalues (eV):
 -49.7115  -42.3569  -41.0536  -40.5179  -39.9348  -38.7602  -37.8083  -37.5589
 -36.9845  -36.8927  -35.3247  -32.9729  -31.8491  -31.5968  -28.8239  -27.5019
 -26.3389  -24.6404  -24.0591  -22.8684  -22.5063  -21.5508  -20.9753  -19.5071
 -19.1797  -19.0171  -18.6081  -18.3680  -17.7567  -17.6206  -17.1779  -17.1214
 -17.0095  -16.5340  -16.3641  -16.3257  -15.8224  -15.8008  -15.4949  -15.3426
 -15.0760  -15.0103  -14.8785  -14.2299  -14.2240  -13.8095  -13.5801  -13.4880
 -13.0603  -13.0274  -12.9367  -12.7355  -12.6301  -12.5327  -12.3851  -12.2214
 -12.0238  -11.9507  -11.9264  -11.6159  -11.3663  -11.1844  -10.5328  -10.0238
  -9.5933   -0.3337   -0.1166    0.3614    0.6920    1.0003    1.2711    1.3722
   1.6743    1.8556    2.0800    2.1881    2.4189    2.5875    2.7245    2.8565
   3.2687    3.3067    3.3374    3.3788    3.5631    3.6163    3.6460    3.7739
   3.8045    3.8618    3.8942    3.9791    4.0812    4.1063    4.2102    4.3337
   4.3694    4.4718    4.5880    4.6477    4.7570    4.8374    4.9569    4.9850
   5.2906    5.3011    5.6350    5.7596    6.2347    6.3335

 Heat of formation   =       -219.08518414 kcal/mol  (       -9.50024648 eV)

 Total SCF energy    =    -118875.12489238 kcal/mol  (    -5154.81223244 eV)
 Electronic energy   =    -775130.06119723 kcal/mol  (   -33612.16171013 eV)
 Core-core repulsion =     656254.93630485 kcal/mol  (    28457.34947768 eV)
 
    Atomic Charges for Step       1 :
  Atom    Element       Mulliken Charge
     1      N                 -0.323
     2      C                  0.044
     3      C                 -0.147
     4      C                 -0.130
     5      C                 -0.144
     6      C                  0.029
     7      O                 -0.270
     8      C                  0.008
     9      C                 -0.107
    10      C                 -0.115
    11      C                 -0.115
    12      C                 -0.059
    13      Cl                 0.012
    14      C                 -0.060
    15      Cl                 0.011
    16      C                 -0.107
    17      C                  0.063
    18      F                 -0.090
    19      C                  0.315
    20      O                 -0.286
    21      O                 -0.352
    22      C                  0.284
    23      O                 -0.293
    24      O                 -0.378
    25      H                  0.165
    26      H                  0.171
    27      H                  0.167
    28      H                  0.160
    29      H                  0.125
    30      H                  0.114
    31      H                  0.130
    32      H                  0.098
    33      H                  0.128
    34      H                  0.143
    35      H                  0.153
    36      H                  0.161
    37      H                  0.248
    38      H                  0.247
 Total Mulliken Charge =       0.000
 
                  X        Y        Z     TOTAL  
  QM DIPOLE    -0.273    1.468   -0.506    1.577
 
 Final Structure

  QMMM: QM Region Cartesian Coordinates (*=link atom) 
  QMMM: QM_NO.   MM_NO.  ATOM         X         Y         Z
  QMMM:     1        1      N       -0.7864    2.0009    1.1187
  QMMM:     2        2      C       -1.1458    1.3584   -0.1308
  QMMM:     3        3      C       -2.5878    0.8515   -0.1316
  QMMM:     4        4      C       -2.6102   -0.6043   -0.5328
  QMMM:     5        5      C       -1.2081   -1.0839   -0.7671
  QMMM:     6        6      C       -0.2613    0.0647   -0.3734
  QMMM:     7        7      O        0.6406    0.2483   -1.4561
  QMMM:     8        8      C        1.9023    0.8016   -1.0938
  QMMM:     9        9      C        2.7776   -0.1425   -0.3368
  QMMM:    10       10      C        3.8167    0.3682    0.4501
  QMMM:    11       11      C        4.6718   -0.4931    1.1300
  QMMM:    12       12      C        4.4965   -1.8788    1.0344
  QMMM:    13       13      Cl       5.5526   -2.9042    1.8754
  QMMM:    14       14      C        3.4548   -2.3947    0.2487
  QMMM:    15       15      Cl       3.2074   -4.0667    0.1080
  QMMM:    16       16      C        2.6007   -1.5239   -0.4355
  QMMM:    17       17      C       -2.9975   -0.2067    0.8927
  QMMM:    18       18      F       -2.2006   -0.5341    1.9483
  QMMM:    19       19      C       -4.4644   -0.2489    1.1994
  QMMM:    20       20      O       -4.7656   -0.6811    2.4503
  QMMM:    21       21      O       -5.4001    0.0561    0.4553
  QMMM:    22       22      C       -0.9483    2.3040   -1.3238
  QMMM:    23       23      O       -1.8206    2.1714   -2.3529
  QMMM:    24       24      O       -0.0855    3.1840   -1.4229
  QMMM:    25       25      H       -1.4862    2.6581    1.3984
  QMMM:    26       26      H        0.1019    2.4572    1.0362
  QMMM:    27       27      H       -3.3511    1.5678   -0.4825
  QMMM:    28       28      H       -3.3933   -1.0153   -1.1927
  QMMM:    29       29      H       -1.0640   -1.3457   -1.8474
  QMMM:    30       30      H       -0.9807   -1.9878   -0.1483
  QMMM:    31       31      H        0.2953   -0.1946    0.5687
  QMMM:    32       32      H        1.7486    1.7559   -0.5194
  QMMM:    33       33      H        2.3702    1.0384   -2.0919
  QMMM:    34       34      H        3.9600    1.4567    0.5319
  QMMM:    35       35      H        5.4882   -0.0856    1.7466
  QMMM:    36       36      H        1.7797   -1.9203   -1.0562
  QMMM:    37       37      H       -5.7314   -0.6802    2.5681
  QMMM:    38       38      H       -1.5758    2.7851   -3.0673

           --------- Calculation Completed ----------

