            --------------------------------------------------------
                             AMBER SQM VERSION 19
 
                                     By
              Ross C. Walker, Michael F. Crowley, Scott Brozell,
                         Tim Giese, Andreas W. Goetz,
                        Tai-Sung Lee and David A. Case
 
            --------------------------------------------------------
 

--------------------------------------------------------------------------------
  QM CALCULATION INFO
--------------------------------------------------------------------------------

| QMMM: Citation for AMBER QMMM Run:
| QMMM: R.C. Walker, M.F. Crowley and D.A. Case, J. COMP. CHEM. 29:1019, 2008

QMMM: SINGLET STATE CALCULATION
QMMM: RHF CALCULATION, NO. OF DOUBLY OCCUPIED LEVELS = 78

| QMMM: *** Selected Hamiltonian *** 
| QMMM: AM1         

| QMMM: *** Parameter sets in use ***
| QMMM: C : M.J.S.DEWAR et al. JACS, 107, 3902, (1985)
| QMMM: O : M.J.S.DEWAR et al. JACS, 107, 3902, (1985)
| QMMM: N : M.J.S.DEWAR et al. JACS, 107, 3902, (1985)
| QMMM: Cl: M.J.S.DEWAR et al. THEOCHEM, 180, 1, (1988)
| QMMM: H : M.J.S.DEWAR et al. JACS, 107, 3902, (1985)

| QMMM: *** SCF convergence criteria ***
| QMMM: Energy change                :  0.1D-09 kcal/mol
| QMMM: Error matrix |FP-PF|         :  0.1D+00 au
| QMMM: Density matrix change        :  0.5D-06
| QMMM: Maximum number of SCF cycles :     1000

| QMMM: *** Diagonalization Routine Information ***
| QMMM: Pseudo diagonalizations are allowed.
| QMMM: Auto diagonalization routine selection is in use.
| QMMM:
| QMMM: Timing diagonalization routines:
| QMMM:                              norbs =      141
| QMMM:    diag iterations used for timing =       10
| QMMM:
| QMMM:              Internal diag routine = 0.098796 seconds
| QMMM:                 Dspev diag routine = 0.078307 seconds
| QMMM:                Dspevd diag routine = 0.304318 seconds
| QMMM:                Dspevx diag routine = 0.295879 seconds
| QMMM:                 Dsyev diag routine = 0.304342 seconds
| QMMM:                Dsyevd diag routine = 0.098655 seconds
| QMMM:                Dsyevr diag routine = 0.098336 seconds
| QMMM:
| QMMM:                Pseudo diag routine = 0.016622 seconds
| QMMM:
| QMMM: Using dspev routine (diag_routine=2).

  QMMM: QM Region Cartesian Coordinates (*=link atom) 
  QMMM: QM_NO.   MM_NO.  ATOM         X         Y         Z
  QMMM:     1        1      C       -4.7930    3.9700    2.0350
  QMMM:     2        2      C       -5.3440    2.7500    1.3720
  QMMM:     3        3      O       -6.5520    2.6670    0.8670
  QMMM:     4        4      N       -6.7650    1.4950    0.3440
  QMMM:     5        5      C       -5.6410    0.7660    0.5130
  QMMM:     6        6      C       -4.7020    1.5420    1.1820
  QMMM:     7        7      C       -3.2970    1.1860    1.5660
  QMMM:     8        8      O       -2.5050    1.0590    0.3900
  QMMM:     9        9      C       -1.1700    0.6470    0.4160
  QMMM:    10       10      C       -0.4680    0.5220   -0.7830
  QMMM:    11       11      C        0.8650    0.1060   -0.7590
  QMMM:    12       12      C        1.4960   -0.1770    0.4640
  QMMM:    13       13      C        0.7460   -0.0460    1.6450
  QMMM:    14       14      N       -0.5500    0.3610    1.5950
  QMMM:    15       15      C        2.9080   -0.6270    0.5190
  QMMM:    16       16      O        3.3160   -1.2570    1.5330
  QMMM:    17       17      N        3.8190   -0.3410   -0.5550
  QMMM:    18       18      C        5.1880   -0.8650   -0.5800
  QMMM:    19       19      C        6.1470    0.1280    0.0880
  QMMM:    20       20      C        7.6130   -0.3530   -0.0290
  QMMM:    21       21      O        7.7670   -1.4700   -0.8910
  QMMM:    22       22      C        7.1690   -1.2010   -2.1440
  QMMM:    23       23      C        5.6340   -1.1450   -2.0280
  QMMM:    24       24      C       -5.4890   -0.6240    0.0260
  QMMM:    25       25      C       -6.5480   -1.2720   -0.6310
  QMMM:    26       26      C       -6.3770   -2.5810   -1.0870
  QMMM:    27       27      C       -5.1590   -3.2340   -0.8880
  QMMM:    28       28      Cl      -4.9290   -4.8770   -1.4570
  QMMM:    29       29      C       -4.1260   -2.5620   -0.2310
  QMMM:    30       30      N       -4.3130   -1.2890    0.2050
  QMMM:    31       31      H       -3.8690    4.2940    1.5140
  QMMM:    32       32      H       -4.5610    3.7450    3.0970
  QMMM:    33       33      H       -5.5380    4.7920    1.9940
  QMMM:    34       34      H       -2.8630    1.9710    2.2210
  QMMM:    35       35      H       -3.3020    0.2300    2.1300
  QMMM:    36       36      H       -0.9530    0.7370   -1.7260
  QMMM:    37       37      H        1.3860   -0.0130   -1.7000
  QMMM:    38       38      H        1.1910   -0.2570    2.6090
  QMMM:    39       39      H        3.5730    0.4160   -1.2320
  QMMM:    40       40      H        5.2310   -1.8270   -0.0200
  QMMM:    41       41      H        5.8730    0.2530    1.1580
  QMMM:    42       42      H        6.0480    1.1200   -0.4060
  QMMM:    43       43      H        8.2670    0.4820   -0.3640
  QMMM:    44       44      H        7.9700   -0.6510    0.9790
  QMMM:    45       45      H        7.5620   -0.2500   -2.5740
  QMMM:    46       46      H        7.4510   -2.0090   -2.8520
  QMMM:    47       47      H        5.2560   -0.3540   -2.7130
  QMMM:    48       48      H        5.1960   -2.1120   -2.3570
  QMMM:    49       49      H       -7.4950   -0.7740   -0.7920
  QMMM:    50       50      H       -7.1890   -3.0850   -1.5950
  QMMM:    51       51      H       -3.1740   -3.0490   -0.0670

--------------------------------------------------------------------------------
  RESULTS
--------------------------------------------------------------------------------

      iter         sqm energy              rms gradient
      ----    -------------------    -----------------------
xmin    10      -15.1507 kcal/mol        0.3391 kcal/(mol*A)
xmin    20      -15.3524 kcal/mol        0.3976 kcal/(mol*A)
xmin    30      -15.4896 kcal/mol        0.1747 kcal/(mol*A)
xmin    40      -15.5598 kcal/mol        0.1246 kcal/(mol*A)
xmin    50      -15.7146 kcal/mol        0.1313 kcal/(mol*A)
xmin    60      -15.7686 kcal/mol        0.0642 kcal/(mol*A)
xmin    70      -15.7912 kcal/mol        0.0906 kcal/(mol*A)
xmin    80      -15.8019 kcal/mol        0.0473 kcal/(mol*A)
xmin    90      -15.8175 kcal/mol        0.0928 kcal/(mol*A)
xmin   100      -15.8264 kcal/mol        0.0403 kcal/(mol*A)
xmin   110      -15.8351 kcal/mol        0.0596 kcal/(mol*A)
xmin   120      -15.8412 kcal/mol        0.0399 kcal/(mol*A)
xmin   130      -15.8451 kcal/mol        0.0624 kcal/(mol*A)
xmin   140      -15.8470 kcal/mol        0.0445 kcal/(mol*A)
xmin   150      -15.8484 kcal/mol        0.0277 kcal/(mol*A)
xmin   160      -15.8508 kcal/mol        0.0254 kcal/(mol*A)
xmin   170      -15.8525 kcal/mol        0.0325 kcal/(mol*A)
xmin   180      -15.8527 kcal/mol        0.0029 kcal/(mol*A)
xmin   190      -15.8527 kcal/mol        0.0039 kcal/(mol*A)
xmin   200      -15.8528 kcal/mol        0.0016 kcal/(mol*A)
  ... geometry converged !
 
 Final MO eigenvalues (eV):
 -42.8246  -41.1709  -40.5643  -40.5164  -39.4394  -38.2667  -38.0684  -36.0611
 -35.0820  -34.3876  -33.8115  -33.4924  -32.4722  -31.9429  -31.5956  -31.0576
 -29.6755  -27.0965  -26.2210  -25.6146  -24.7531  -24.7289  -24.4193  -24.3213
 -22.0251  -21.7985  -21.2802  -20.6404  -19.3767  -18.7528  -18.4676  -18.0994
 -17.8409  -17.6215  -17.5525  -17.4502  -17.1284  -17.0714  -16.8363  -16.6244
 -16.1466  -15.6362  -15.5281  -15.4652  -15.2476  -15.0457  -14.8619  -14.7941
 -14.5539  -14.4554  -14.3990  -14.3932  -14.2157  -14.1470  -14.0120  -13.6853
 -13.4651  -13.3891  -13.3529  -13.2444  -13.1189  -12.5752  -12.5058  -12.4785
 -12.0505  -11.8183  -11.6804  -11.5110  -11.2587  -11.1261  -10.9844  -10.9500
 -10.8572  -10.4925  -10.1772  -10.1184   -9.7034   -9.5761   -0.7471   -0.4363
  -0.1274   -0.0874   -0.0769    0.8312    1.0151    1.4804    1.8172    1.8436
   2.0715    2.2832    2.4850    2.5123    2.9630    2.9998    3.0833    3.2312
   3.2984    3.3184    3.3837    3.3930    3.4452    3.5589    3.5673    3.6073
   3.6601    3.7275    3.7743    3.7992    3.8139    3.8508    3.8865    4.0107
   4.0612    4.0631    4.1480    4.2259    4.2764    4.3027    4.3073    4.3802
   4.4258    4.4499    4.5199    4.5383    4.5696    4.6243    4.7014    4.7443
   4.7862    4.8306    4.8388    5.0292    5.1212    5.3276    5.8915    6.1213
   6.1916    6.2535    6.3810    6.3907    6.9703

 Heat of formation   =        -15.85283357 kcal/mol  (       -0.68743045 eV)

 Total SCF energy    =    -125858.22941713 kcal/mol  (    -5457.62236751 eV)
 Electronic energy   =    -921483.23889526 kcal/mol  (   -39958.51172522 eV)
 Core-core repulsion =     795625.00947812 kcal/mol  (    34500.88935771 eV)
 
    Atomic Charges for Step       1 :
  Atom    Element       Mulliken Charge
     1      C                 -0.167
     2      C                 -0.003
     3      O                 -0.055
     4      N                 -0.017
     5      C                 -0.040
     6      C                 -0.162
     7      C                  0.058
     8      O                 -0.199
     9      C                  0.154
    10      C                 -0.210
    11      C                 -0.039
    12      C                 -0.221
    13      C                  0.023
    14      N                 -0.210
    15      C                  0.360
    16      O                 -0.366
    17      N                 -0.378
    18      C                  0.029
    19      C                 -0.210
    20      C                 -0.022
    21      O                 -0.270
    22      C                 -0.019
    23      C                 -0.200
    24      C                  0.041
    25      C                 -0.136
    26      C                 -0.093
    27      C                 -0.112
    28      Cl                 0.012
    29      C                 -0.058
    30      N                 -0.116
    31      H                  0.111
    32      H                  0.106
    33      H                  0.112
    34      H                  0.097
    35      H                  0.133
    36      H                  0.163
    37      H                  0.142
    38      H                  0.187
    39      H                  0.219
    40      H                  0.143
    41      H                  0.102
    42      H                  0.081
    43      H                  0.071
    44      H                  0.106
    45      H                  0.065
    46      H                  0.108
    47      H                  0.082
    48      H                  0.099
    49      H                  0.164
    50      H                  0.157
    51      H                  0.178
 Total Mulliken Charge =       0.000
 
                  X        Y        Z     TOTAL  
  QM DIPOLE     0.107    3.472   -3.324    4.807
 
 Final Structure

  QMMM: QM Region Cartesian Coordinates (*=link atom) 
  QMMM: QM_NO.   MM_NO.  ATOM         X         Y         Z
  QMMM:     1        1      C       -4.6507    3.9542    2.1483
  QMMM:     2        2      C       -5.0928    2.7039    1.5349
  QMMM:     3        3      O       -6.4269    2.6658    1.0637
  QMMM:     4        4      N       -6.6903    1.4915    0.5341
  QMMM:     5        5      C       -5.5922    0.7069    0.6231
  QMMM:     6        6      C       -4.5232    1.4661    1.2814
  QMMM:     7        7      C       -3.1600    1.0235    1.6201
  QMMM:     8        8      O       -2.4284    0.9562    0.3739
  QMMM:     9        9      C       -1.1265    0.5205    0.4355
  QMMM:    10       10      C       -0.4970    0.3740   -0.8320
  QMMM:    11       11      C        0.8276   -0.0419   -0.8558
  QMMM:    12       12      C        1.4909   -0.2981    0.3525
  QMMM:    13       13      C        0.7720   -0.1395    1.5572
  QMMM:    14       14      N       -0.5059    0.2670    1.6203
  QMMM:    15       15      C        2.8990   -0.7635    0.4399
  QMMM:    16       16      O        3.2821   -1.4858    1.3838
  QMMM:    17       17      N        3.7665   -0.3643   -0.5586
  QMMM:    18       18      C        5.1679   -0.7120   -0.5580
  QMMM:    19       19      C        6.0823    0.4766   -0.2160
  QMMM:    20       20      C        7.5137   -0.0050   -0.0565
  QMMM:    21       21      O        7.8161   -1.1563   -0.8391
  QMMM:    22       22      C        7.1252   -1.1934   -2.0787
  QMMM:    23       23      C        5.6177   -1.3045   -1.9063
  QMMM:    24       24      C       -5.5228   -0.6687    0.1180
  QMMM:    25       25      C       -6.1936   -0.9909   -1.0823
  QMMM:    26       26      C       -6.1245   -2.2984   -1.5664
  QMMM:    27       27      C       -5.3927   -3.2428   -0.8423
  QMMM:    28       28      Cl      -5.2660   -4.8434   -1.3704
  QMMM:    29       29      C       -4.7539   -2.8355    0.3520
  QMMM:    30       30      N       -4.8113   -1.5846    0.8280
  QMMM:    31       31      H       -4.4794    4.7282    1.3566
  QMMM:    32       32      H       -3.6956    3.7892    2.7065
  QMMM:    33       33      H       -5.4283    4.3404    2.8549
  QMMM:    34       34      H       -2.6580    1.7702    2.2935
  QMMM:    35       35      H       -3.1631    0.0126    2.1076
  QMMM:    36       36      H       -1.0634    0.5833   -1.7479
  QMMM:    37       37      H        1.3317   -0.1829   -1.8242
  QMMM:    38       38      H        1.2593   -0.3624    2.5277
  QMMM:    39       39      H        3.4628    0.2943   -1.2332
  QMMM:    40       40      H        5.3259   -1.5025    0.2403
  QMMM:    41       41      H        5.7520    0.9646    0.7362
  QMMM:    42       42      H        6.0259    1.2434   -1.0310
  QMMM:    43       43      H        8.2298    0.8124   -0.3399
  QMMM:    44       44      H        7.7186   -0.3340    0.9980
  QMMM:    45       45      H        7.3829   -0.2798   -2.6792
  QMMM:    46       46      H        7.5385   -2.1044   -2.5893
  QMMM:    47       47      H        5.1218   -0.7805   -2.7641
  QMMM:    48       48      H        5.3068   -2.3800   -1.9452
  QMMM:    49       49      H       -6.7637   -0.2247   -1.6274
  QMMM:    50       50      H       -6.6390   -2.5748   -2.4993
  QMMM:    51       51      H       -4.1679   -3.5533    0.9563

           --------- Calculation Completed ----------

