[DEBUG] scratch=/tmp/packmol_scratch/CAND_0001/CAND_0001_D001
[DEBUG] packmol_bin='/root/miniconda3/envs/amber/bin/packmol'
[DEBUG] cmd_to_run=['/root/miniconda3/envs/amber/bin/packmol']
[DEBUG] inp_file=/tmp/packmol_scratch/CAND_0001/CAND_0001_D001/packmol.inp


################################################################################

 PACKMOL - Packing optimization for the automated generation of
 starting configurations for molecular dynamics simulations.
 
                                                             Version 21.0.1 

################################################################################

  Packmol must be run with: packmol < inputfile.inp 

  Userguide at: http://m3g.iqm.unicamp.br/packmol 

  Reading input file... (Control-C aborts)
  Types of coordinate files specified: pdb
  Seed for random number generator:        12345
  Output file: system_packmol.pdb
  Reading coordinate file: HSPC.pdb
  Reading coordinate file: HSPC.pdb
  Reading coordinate file: CHOL.pdb
  Reading coordinate file: CHOL.pdb
  Reading coordinate file: drug.pdb
  Number of independent structures:            5
  The structures are: 
  Structure            1 :HSPC.pdb(         142  atoms)
  Structure            2 :HSPC.pdb(         142  atoms)
  Structure            3 :CHOL.pdb(          74  atoms)
  Structure            4 :CHOL.pdb(          74  atoms)
  Structure            5 :drug.pdb(          22  atoms)
  Maximum number of GENCAN loops for all molecule packing:         1000
  Distance tolerance:    2.0000000000000000     
  Warning: Type of residue numbering not set for structure            1
  Residue numbering set for structure            1 :           0
  Swap chains of molecules of structure            1 : F
  Warning: Type of residue numbering not set for structure            2
  Residue numbering set for structure            2 :           0
  Swap chains of molecules of structure            2 : F
  Warning: Type of residue numbering not set for structure            3
  Residue numbering set for structure            3 :           0
  Swap chains of molecules of structure            3 : F
  Warning: Type of residue numbering not set for structure            4
  Residue numbering set for structure            4 :           0
  Swap chains of molecules of structure            4 : F
  Warning: Type of residue numbering not set for structure            5
  Residue numbering set for structure            5 :           0
  Swap chains of molecules of structure            5 : F
  Number of molecules of type            1 :           30
  Number of molecules of type            2 :           15
  Number of molecules of type            3 :           15
  Number of molecules of type            4 :            8
  Number of molecules of type            5 :            6
  Total number of restrictions:            9
  Total number of atoms:         8224
  Total number of molecules:           74
  Number of fixed molecules:            0
  Number of free molecules:           74
  Number of variables:          444
  Total number of fixed atoms:            0
  Maximum internal distance of type            1 :    24.482631578325073     
  Maximum internal distance of type            2 :    24.482631578325073     
  Maximum internal distance of type            3 :    16.179875926594736     
  Maximum internal distance of type            4 :    16.179875926594736     
  Maximum internal distance of type            5 :    10.124682365388063     
  All atoms must be within these coordinates: 
   x: [   -1037.5159656543128      ,    962.48403434568729       ] 
   y: [   -1051.2000000000000      ,    948.79999999999995       ] 
   z: [   -1000.0000000000000      ,    1000.0000000000000       ] 
  If the system is larger than this, increase the sidemax parameter. 

################################################################################

  Building initial approximation ... 

################################################################################

  Adjusting initial point to fit the constraints 

--------------------------------------------------------------------------------

--------------------------------------------------------------------------------

  Molecules of type:            1

  Packing:|0                                                        100%|
          |*************************************************************|
  Fixing bad orientations ...      1 of    100
  Moving worst molecules ... 
  Function value before moving molecules:   21.791810968588408     
  Type         1 molecules with non-zero contributions:   10.00%
  Moving         1 molecules of type         1
  New positions will be based on good molecules (movebadrandom is not set) 
   Moving:|0                                                        100%|
          |*************************************************************|
  Function value after moving molecules:   4.5324945358738047     
  Packing:|0                                                        100%|
          |***

  Restraint-only function value:    0.0000000000000000     
  Maximum violation of the restraints:    0.0000000000000000     

--------------------------------------------------------------------------------

  Molecules of type:            2

  Packing:|0                                                        100%|
          |******************

  Restraint-only function value:    0.0000000000000000     
  Maximum violation of the restraints:    0.0000000000000000     

--------------------------------------------------------------------------------

  Molecules of type:            3

  Packing:|0                                                        100%|
          |*********************************************

  Restraint-only function value:    0.0000000000000000     
  Maximum violation of the restraints:    0.0000000000000000     

--------------------------------------------------------------------------------

  Molecules of type:            4

  Packing:|0                                                        100%|
          |******************************************

  Restraint-only function value:    0.0000000000000000     
  Maximum violation of the restraints:    0.0000000000000000     

--------------------------------------------------------------------------------

  Molecules of type:            5

  Packing:|0                                                        100%|
          |***************************************

  Restraint-only function value:    0.0000000000000000     
  Maximum violation of the restraints:    0.0000000000000000     

--------------------------------------------------------------------------------

  Rescaling maximum and minimum coordinates... 
  Mininum and maximum coordinates after constraint fitting: 
   x: [   -67.402459122698403      ,    70.012358050536690       ] 
   y: [   -69.765172984344787      ,    70.438260584802066       ] 
   z: [   -73.545896968571100      ,    71.442183090898098       ] 
  Computing size of patches... 
  Number of cells in each direction and cell sides: 
   x:           63  cells of size    2.2510288440196047     
   y:           65  cells of size    2.2246682087561056     
   z:           67  cells of size    2.2296728367084953     
  Cell-system length:  141.81482 144.60343 149.38808
  Reseting center of mass... 

--------------------------------------------------------------------------------

  Setting initial trial coordinates ... 

--------------------------------------------------------------------------------

--------------------------------------------------------------------------------

  Molecules of type:            1
  Adjusting random positions to fit the constraints. 
  Packing:|0                                                        100%|
          |*********************
  Restraint-only function value:    0.0000000000000000     
  Maximum violation of the restraints:    0.0000000000000000     

--------------------------------------------------------------------------------

  Molecules of type:            2
  Adjusting random positions to fit the constraints. 
  Packing:|0                                                        100%|
          |***************
  Restraint-only function value:    2.0953331266208778E-003
  Maximum violation of the restraints:    2.0904298995457595E-003

--------------------------------------------------------------------------------

  Molecules of type:            3
  Adjusting random positions to fit the constraints. 
  Packing:|0                                                        100%|
          |***
  Restraint-only function value:    0.0000000000000000     
  Maximum violation of the restraints:    0.0000000000000000     

--------------------------------------------------------------------------------

  Molecules of type:            4
  Adjusting random positions to fit the constraints. 
  Packing:|0                                                        100%|
          |*********
  Restraint-only function value:    0.0000000000000000     
  Maximum violation of the restraints:    0.0000000000000000     

--------------------------------------------------------------------------------

  Molecules of type:            5
  Adjusting random positions to fit the constraints. 
  Packing:|0                                                        100%|
          |***
  Restraint-only function value:    0.0000000000000000     
  Maximum violation of the restraints:    0.0000000000000000     

################################################################################

  Objective function at initial point:    7009.5181871462237     

################################################################################

  Packing molecules of type:            1

################################################################################


--------------------------------------------------------------------------------

  Starting GENCAN loop:            0
  Scaling radii by:    1.1000000000000001     

  Packing:|0                                                        100%|
          |*********

  Function value from last GENCAN loop: f = .00000E+00
  Best function value before: f = .29868E+03
  Improvement from best function value:    99.99 %
  Improvement from last loop:    99.99 %
  Maximum violation of target distance:     0.000000
  Maximum violation of the constraints: .00000E+00
  Current structure written to file: system_packmol.pdb
--------------------------------------------------------------------------------
  Packing solved for molecules of type           1
  Objective function value:    0.0000000000000000     
  Maximum violation of target distance:    0.0000000000000000     
  Max. constraint violation:    0.0000000000000000     
--------------------------------------------------------------------------------

################################################################################

  Packing molecules of type:            2

################################################################################


--------------------------------------------------------------------------------

  Starting GENCAN loop:            0
  Scaling radii by:    1.1000000000000001     

  Packing:|0                                                        100%|
          |***************************************

  Function value from last GENCAN loop: f = .94708E-02
  Best function value before: f = .34634E+04
  Improvement from best function value:    99.99 %
  Improvement from last loop:    99.99 %
  Maximum violation of target distance:     0.000000
  Maximum violation of the constraints: .75611E-02
  Current structure written to file: system_packmol.pdb
--------------------------------------------------------------------------------
  Packing solved for molecules of type           2
  Objective function value:    9.4707808279984110E-003
  Maximum violation of target distance:    0.0000000000000000     
  Max. constraint violation:    7.5610512479521545E-003
--------------------------------------------------------------------------------

################################################################################

  Packing molecules of type:            3

################################################################################


--------------------------------------------------------------------------------

  Starting GENCAN loop:            0
  Scaling radii by:    1.1000000000000001     

  Packing:|0                                                        100%|
          |***

  Function value from last GENCAN loop: f = .00000E+00
  Best function value before: f = .17830E+03
  Improvement from best function value:    99.99 %
  Improvement from last loop:    99.99 %
  Maximum violation of target distance:     0.000000
  Maximum violation of the constraints: .00000E+00
  Current structure written to file: system_packmol.pdb
--------------------------------------------------------------------------------
  Packing solved for molecules of type           3
  Objective function value:    0.0000000000000000     
  Maximum violation of target distance:    0.0000000000000000     
  Max. constraint violation:    0.0000000000000000     
--------------------------------------------------------------------------------

################################################################################

  Packing molecules of type:            4

################################################################################


--------------------------------------------------------------------------------

  Starting GENCAN loop:            0
  Scaling radii by:    1.1000000000000001     

  Packing:|0                                                        100%|
          |*********

  Function value from last GENCAN loop: f = .00000E+00
  Best function value before: f = .59413E+03
  Improvement from best function value:    99.99 %
  Improvement from last loop:    99.99 %
  Maximum violation of target distance:     0.000000
  Maximum violation of the constraints: .00000E+00
  Current structure written to file: system_packmol.pdb
--------------------------------------------------------------------------------
  Packing solved for molecules of type           4
  Objective function value:    0.0000000000000000     
  Maximum violation of target distance:    0.0000000000000000     
  Max. constraint violation:    0.0000000000000000     
--------------------------------------------------------------------------------

################################################################################

  Packing molecules of type:            5

################################################################################


  Initial approximation is a solution. Nothing to do. 

  Current point written to file: system_packmol.pdb
--------------------------------------------------------------------------------
  Packing solved for molecules of type           5
  Objective function value:    0.0000000000000000     
  Maximum violation of target distance:    0.0000000000000000     
  Max. constraint violation:    0.0000000000000000     
--------------------------------------------------------------------------------

################################################################################

  Packing all molecules together 

################################################################################


--------------------------------------------------------------------------------

  Starting GENCAN loop:            0
  Scaling radii by:    1.1000000000000001     

  Packing:|0                                                        100%|
          |*********************************************************

  Function value from last GENCAN loop: f = .56832E-02
  Best function value before: f = .19826E+04
  Improvement from best function value:    99.99 %
  Improvement from last loop:    99.99 %
  Maximum violation of target distance:     0.000000
  Maximum violation of the constraints: .56832E-02

################################################################################

                                 Success! 
              Final objective function value: .56832E-02
              Maximum violation of target distance:   0.000000
              Maximum violation of the constraints: .56832E-02

--------------------------------------------------------------------------------

              Please cite this work if Packmol was useful: 

           L. Martinez, R. Andrade, E. G. Birgin, J. M. Martinez, 
         PACKMOL: A package for building initial configurations for
                   molecular dynamics simulations. 
        Journal of Computational Chemistry, 30(13) pp. 2157-2164, 2009.
                  https://doi.org/10.1002/jcc.21224

################################################################################

  Solution written to file: system_packmol.pdb

--------------------------------------------------------------------------------

   Running time:   0.849698007      seconds. 

--------------------------------------------------------------------------------



[DEBUG] returncode=0
[DEBUG] out_pdb_exists=True
