            --------------------------------------------------------
                             AMBER SQM VERSION 19
 
                                     By
              Ross C. Walker, Michael F. Crowley, Scott Brozell,
                         Tim Giese, Andreas W. Goetz,
                        Tai-Sung Lee and David A. Case
 
            --------------------------------------------------------
 

--------------------------------------------------------------------------------
  QM CALCULATION INFO
--------------------------------------------------------------------------------

| QMMM: Citation for AMBER QMMM Run:
| QMMM: R.C. Walker, M.F. Crowley and D.A. Case, J. COMP. CHEM. 29:1019, 2008

QMMM: SINGLET STATE CALCULATION
QMMM: RHF CALCULATION, NO. OF DOUBLY OCCUPIED LEVELS = 34

| QMMM: *** Selected Hamiltonian *** 
| QMMM: AM1         

| QMMM: *** Parameter sets in use ***
| QMMM: C : M.J.S.DEWAR et al. JACS, 107, 3902, (1985)
| QMMM: N : M.J.S.DEWAR et al. JACS, 107, 3902, (1985)
| QMMM: O : M.J.S.DEWAR et al. JACS, 107, 3902, (1985)
| QMMM: H : M.J.S.DEWAR et al. JACS, 107, 3902, (1985)

| QMMM: *** SCF convergence criteria ***
| QMMM: Energy change                :  0.1D-09 kcal/mol
| QMMM: Error matrix |FP-PF|         :  0.1D+00 au
| QMMM: Density matrix change        :  0.5D-06
| QMMM: Maximum number of SCF cycles :     1000

| QMMM: *** Diagonalization Routine Information ***
| QMMM: Pseudo diagonalizations are allowed.
| QMMM: Auto diagonalization routine selection is in use.
| QMMM:
| QMMM: Timing diagonalization routines:
| QMMM:                              norbs =       61
| QMMM:    diag iterations used for timing =       15
| QMMM:
| QMMM:              Internal diag routine = 0.006514 seconds
| QMMM:                 Dspev diag routine = 0.006081 seconds
| QMMM:                Dspevd diag routine = 0.003831 seconds
| QMMM:                Dspevx diag routine = 0.021041 seconds
| QMMM:                 Dsyev diag routine = 0.005783 seconds
| QMMM:                Dsyevd diag routine = 0.003545 seconds
| QMMM:                Dsyevr diag routine = 0.005448 seconds
| QMMM:
| QMMM:                Pseudo diag routine = 0.002051 seconds
| QMMM:
| QMMM: Using dsyevd routine (diag_routine=6).

  QMMM: QM Region Cartesian Coordinates (*=link atom) 
  QMMM: QM_NO.   MM_NO.  ATOM         X         Y         Z
  QMMM:     1        1      C       -3.9680    0.3230   -0.0420
  QMMM:     2        2      C       -2.4830    0.1180    0.0230
  QMMM:     3        3      C       -1.6290    1.2050    0.2610
  QMMM:     4        4      C       -0.2430    1.0220    0.2840
  QMMM:     5        5      C        0.3090   -0.2540    0.0700
  QMMM:     6        6      N        1.7320   -0.4650    0.0640
  QMMM:     7        7      C        2.6530    0.2470    0.9060
  QMMM:     8        8      O        2.2310    0.9250    1.8830
  QMMM:     9        9      C        4.1000    0.1600    0.6630
  QMMM:    10       10      O        4.5880   -0.5760   -0.4130
  QMMM:    11       11      O        4.9060    0.7550    1.4280
  QMMM:    12       12      C       -0.5470   -1.3300   -0.2080
  QMMM:    13       13      C       -1.9330   -1.1470   -0.2310
  QMMM:    14       14      H       -4.2790    1.1470    0.6350
  QMMM:    15       15      H       -4.5050   -0.5980    0.2700
  QMMM:    16       16      H       -4.2600    0.5780   -1.0820
  QMMM:    17       17      H       -2.0360    2.1960    0.4200
  QMMM:    18       18      H        0.3930    1.8820    0.4400
  QMMM:    19       19      H        2.1050   -1.2440   -0.5240
  QMMM:    20       20      H        5.5830   -0.6410   -0.5900
  QMMM:    21       21      H       -0.1390   -2.3140   -0.4020
  QMMM:    22       22      H       -2.5760   -1.9910   -0.4470

--------------------------------------------------------------------------------
  RESULTS
--------------------------------------------------------------------------------

      iter         sqm energy              rms gradient
      ----    -------------------    -----------------------
xmin    10      -97.3502 kcal/mol        1.6789 kcal/(mol*A)
xmin    20      -97.9312 kcal/mol        0.4592 kcal/(mol*A)
xmin    30      -98.2008 kcal/mol        0.8409 kcal/(mol*A)
xmin    40      -98.4497 kcal/mol        1.5143 kcal/(mol*A)
xmin    50      -98.6335 kcal/mol        0.6105 kcal/(mol*A)
xmin    60      -98.8199 kcal/mol        0.4522 kcal/(mol*A)
xmin    70      -98.9241 kcal/mol        0.6684 kcal/(mol*A)
xmin    80      -98.9659 kcal/mol        0.1226 kcal/(mol*A)
xmin    90      -98.9826 kcal/mol        0.2719 kcal/(mol*A)
xmin   100      -98.9888 kcal/mol        0.1342 kcal/(mol*A)
xmin   110      -98.9938 kcal/mol        0.0732 kcal/(mol*A)
xmin   120      -98.9959 kcal/mol        0.1448 kcal/(mol*A)
xmin   130      -98.9990 kcal/mol        0.0632 kcal/(mol*A)
xmin   140      -99.0028 kcal/mol        0.0576 kcal/(mol*A)
xmin   150      -99.0033 kcal/mol        0.0113 kcal/(mol*A)
xmin   160      -99.0051 kcal/mol        0.0127 kcal/(mol*A)
xmin   170      -99.0053 kcal/mol        0.0277 kcal/(mol*A)
xmin   180      -99.0054 kcal/mol        0.0041 kcal/(mol*A)
xmin   190      -99.0054 kcal/mol        0.0070 kcal/(mol*A)
xmin   200      -99.0055 kcal/mol        0.0049 kcal/(mol*A)
xmin   210      -99.0057 kcal/mol        0.0037 kcal/(mol*A)
xmin   220      -99.0057 kcal/mol        0.0141 kcal/(mol*A)
xmin   230      -99.0058 kcal/mol        0.0082 kcal/(mol*A)
xmin   240      -99.0060 kcal/mol        0.0090 kcal/(mol*A)
xmin   250      -99.0060 kcal/mol        0.0116 kcal/(mol*A)
xmin   260      -99.0061 kcal/mol        0.0102 kcal/(mol*A)
xmin   270      -99.0062 kcal/mol        0.0039 kcal/(mol*A)
xmin   280      -99.0062 kcal/mol        0.0036 kcal/(mol*A)
xmin   290      -99.0063 kcal/mol        0.0441 kcal/(mol*A)
xmin   300      -99.0063 kcal/mol        0.0114 kcal/(mol*A)
xmin   310      -99.0064 kcal/mol        0.0313 kcal/(mol*A)
xmin   320      -99.0064 kcal/mol        0.0146 kcal/(mol*A)
xmin   330      -99.0065 kcal/mol        0.0078 kcal/(mol*A)
xmin   340      -99.0065 kcal/mol        0.0103 kcal/(mol*A)
xmin   350      -99.0065 kcal/mol        0.0120 kcal/(mol*A)
xmin   360      -99.0065 kcal/mol        0.0032 kcal/(mol*A)
xmin   370      -99.0066 kcal/mol        0.0020 kcal/(mol*A)
xmin   380      -99.0066 kcal/mol        0.0053 kcal/(mol*A)
xmin   390      -99.0066 kcal/mol        0.0078 kcal/(mol*A)
xmin   400      -99.0066 kcal/mol        0.0032 kcal/(mol*A)
xmin   410      -99.0066 kcal/mol        0.0131 kcal/(mol*A)
xmin   420      -99.0066 kcal/mol        0.0077 kcal/(mol*A)
xmin   430      -99.0066 kcal/mol        0.0052 kcal/(mol*A)
xmin   440      -99.0067 kcal/mol        0.0028 kcal/(mol*A)
xmin   450      -99.0067 kcal/mol        0.0036 kcal/(mol*A)
xmin   460      -99.0067 kcal/mol        0.0069 kcal/(mol*A)
xmin   470      -99.0067 kcal/mol        0.0008 kcal/(mol*A)
xmin   480      -99.0058 kcal/mol        0.2133 kcal/(mol*A)
xmin   490      -99.0067 kcal/mol        0.0045 kcal/(mol*A)
xmin   500      -99.0067 kcal/mol        0.0007 kcal/(mol*A)
  ... geometry converged !
 
 Final MO eigenvalues (eV):
 -41.6355  -40.3304  -39.0347  -37.3613  -36.2164  -32.6297  -31.7213  -28.4001
 -25.9994  -23.9472  -22.6003  -21.5190  -19.6757  -19.3463  -18.5925  -17.2816
 -16.5752  -16.4968  -15.7665  -15.6199  -15.4718  -14.7781  -14.6397  -14.4259
 -13.3985  -13.1870  -13.0307  -12.9880  -12.7303  -12.0464  -11.5994  -11.2224
  -9.9609   -8.9727   -0.2979    0.2810    0.3329    0.8074    1.1796    2.0290
   2.6381    3.4393    3.6120    3.6979    3.9491    3.9742    4.1055    4.1796
   4.4060    4.4722    4.5774    4.6890    4.7903    4.9815    5.0907    5.2839
   5.5412    5.6780    5.8028    5.9440    6.3586

 Heat of formation   =        -99.00670391 kcal/mol  (       -4.29325285 eV)

 Total SCF energy    =     -56374.56401372 kcal/mol  (    -2444.58453726 eV)
 Electronic energy   =    -270607.98598179 kcal/mol  (   -11734.44282476 eV)
 Core-core repulsion =     214233.42196807 kcal/mol  (     9289.85828750 eV)
 
    Atomic Charges for Step       1 :
  Atom    Element       Mulliken Charge
     1      C                 -0.177
     2      C                 -0.085
     3      C                 -0.107
     4      C                 -0.142
     5      C                  0.056
     6      N                 -0.301
     7      C                  0.333
     8      O                 -0.295
     9      C                  0.280
    10      O                 -0.317
    11      O                 -0.299
    12      C                 -0.167
    13      C                 -0.107
    14      H                  0.084
    15      H                  0.083
    16      H                  0.087
    17      H                  0.138
    18      H                  0.169
    19      H                  0.247
    20      H                  0.254
    21      H                  0.132
    22      H                  0.135
 Total Mulliken Charge =       0.000
 
                  X        Y        Z     TOTAL  
  QM DIPOLE    -1.450   -3.183   -1.701    3.889
 
 Final Structure

  QMMM: QM Region Cartesian Coordinates (*=link atom) 
  QMMM: QM_NO.   MM_NO.  ATOM         X         Y         Z
  QMMM:     1        1      C       -3.9469    0.2250   -0.0755
  QMMM:     2        2      C       -2.4777    0.0797    0.0304
  QMMM:     3        3      C       -1.6935    1.1134    0.5500
  QMMM:     4        4      C       -0.3101    0.9942    0.6416
  QMMM:     5        5      C        0.3264   -0.1850    0.2045
  QMMM:     6        6      N        1.7191   -0.3819    0.2956
  QMMM:     7        7      C        2.6666    0.5944    0.5143
  QMMM:     8        8      O        2.4472    1.7993    0.6988
  QMMM:     9        9      C        4.1029    0.0930    0.5696
  QMMM:    10       10      O        4.4505   -0.7125   -0.4700
  QMMM:    11       11      O        4.9528    0.3458    1.4181
  QMMM:    12       12      C       -0.4674   -1.2320   -0.3220
  QMMM:    13       13      C       -1.8466   -1.0925   -0.4015
  QMMM:    14       14      H       -4.3384    0.9198    0.7078
  QMMM:    15       15      H       -4.4562   -0.7632    0.0418
  QMMM:    16       16      H       -4.2179    0.6410   -1.0789
  QMMM:    17       17      H       -2.1744    2.0419    0.8958
  QMMM:    18       18      H        0.2761    1.8316    1.0546
  QMMM:    19       19      H        2.0502   -1.2831    0.0213
  QMMM:    20       20      H        5.3921   -0.9474   -0.4052
  QMMM:    21       21      H       -0.0025   -2.1666   -0.6716
  QMMM:    22       22      H       -2.4503   -1.9169   -0.8115

           --------- Calculation Completed ----------

